s 2014.01.04 06-23-21
a 2014.01.04 14-52-35
s 2014.01.05 08-45-30
a 2014.01.05 17-20-24
s 2014.01.06 07-45-15
a 2014.01.06 16-30-04
s 2014.01.07 10-25-14
a 2014.01.07 17-50-46
s 2014.01.08 07-35-07
a 2014.01.08 18-32-15
s 2014.01.09 10-55-42
a 2014.01.09 18-15-36
s 2014.01.10 09-23-28
a 2014.01.10 17-48-59
s 2014.01.11 01-56-40
a 2014.01.11 04-55-30
s 2014.01.11 13-18-19
a 2014.01.11 19-08-43
s 2014.01.12 01-21-14
a 2014.01.12 04-40-33
s 2014.01.12 11-38-57
a 2014.01.12 15-20-51
s 2014.01.12 15-30-38
a 2014.01.12 17-38-48
s 2014.01.13 13-00-00 lan
a 2014.01.13 19-00-00 lan
s 2014.01.14 06-00-00 lan
a 2014.01.14 15-57-00 lan
s 2014.01.14 21-30-00
a 2014.01.15 02-00-00
s 2014.01.15 11-35-44
a 2014.01.15 16-53-48
s 2014.01.15 19-41-04
a 2014.01.15 23-13-25
s 2014.01.16 11-30-00
a 2014.01.16 14-40-00
s 2014.01.17 02-10-00
a 2014.01.17 06-21-31
s 2014.01.17 23-00-00 motel
a 2014.01.18 03-00-00 motel
s 2014.01.18 05-20-00 motel
a 2014.01.18 08-20-00 motel
s 2014.01.18 23-20-00
a 2014.01.19 05-50-00
s 2014.01.19 06-20-00
a 2014.01.19 07-27-00
s 2014.01.19 20-00-00
a 2014.01.19 21-15-00
s 2014.01.19 21-20-00
a 2014.01.19 23-30-00
s 2014.01.20 03-45-00
a 2014.01.20 03-50-00
s 2014.01.20 04-10-00
a 2014.01.20 07-00-00
s 2014.01.20 22-20-00
a 2014.01.21 01-45-00 dream
s 2014.01.21 01-55-00
a 2014.01.21 06-05-00
s 2014.01.21 22-40-00
a 2014.01.22 04-10-00
s 2014.01.22 04-20-00
a 2014.01.22 07-35-00
s 2014.01.23 01-17-07
a 2014.01.23 08-06-22
s 2014.01.24 00-56-02
a 2014.01.24 04-10-00
s 2014.01.24 04-15-00
a 2014.01.24 08-59-23
s 2014.01.25 01-40-00
a 2014.01.25 08-10-00 -
s 2014.01.25 08-15-00
a 2014.01.25 09-03-22 *
s 2014.01.26 00-20-00
a 2014.01.26 06-35-00 -
s 2014.01.26 06-45-00
a 2014.01.26 12-45-00 -
s 2014.01.26 23-00-00
a 2014.01.27 05-10-00 -
s 2014.01.27 05-20-00
a 2014.01.27 08-40-00 -
s 2014.01.27 08-50-00
a 2014.01.27 09-12-00 -
s 2014.01.27 15-20-00
a 2014.01.27 17-01-05 -
s 2014.01.28 01-00-00
a 2014.01.28 08-45-00 -
s 2014.01.29 03-30-00
a 2014.01.29 08-45-00 -
s 2014.01.30 01-30-00
a 2014.01.30 08-45-00 -
s 2014.01.31 00-45-00 
a 2014.01.31 08-45-00 -
s 2014.02.01 01-30-00
a 2014.02.01 05-56-00 -
s 2014.02.01 06-18-00
a 2014.02.01 08-57-00 -
s 2014.02.02 02-00-00
a 2014.02.02 09-00-00 *
s 2014.02.02 23-00-00
a 2014.02.03 08-00-00 -
s 2014.02.04 02-32-38
a 2014.02.04 08-57-00 -
s 2014.02.05 01-50-00
a 2014.02.05 08-56-00 -
s 2014.02.05 19-20-44
a 2014.02.05 20-42-55 -
s 2014.02.06 02-20-00
a 2014.02.06 07-10-00 -
s 2014.02.06 07-12-00
a 2014.02.06 07-30-00 -
s 2014.02.06 07-33-00
a 2014.02.06 09-00-00 *
s 2014.02.07 01-10-00 ???
a 2014.02.07 06-03-00 -
s 2014.02.07 06-10-00
a 2014.02.07 09-00-00 * ???
s 2014.02.07 21-30-00 
a 2014.02.08 12-02-00 -
s 2014.02.08 12-08-00
a 2014.02.08 03-20-00 -
s 2014.02.08 05-30-00
a 2014.02.08 09-35-00 -
s 2014.02.09 02-00-00
a 2014.02.09 09-00-00 *
s 2014.02.09 09-02-00
a 2014.02.09 10-35-19 -
s 2014.02.10 03-20-00
a 2014.02.10 08-20-00 -
s 2014.02.11 00-00-00
a 2014.02.11 05-00-00 - dream work
s 2014.02.11 05-10-00
a 2014.02.11 09-00-00 *
s 2014.02.12 02-20-00
a 2014.02.12 09-00-00 *
s 2014.02.13 00-30-00
a 2014.02.13 09-00-00 *
s 2014.02.14 03-20-00
a 2014.02.14 07-20-00 - dream work
s 2014.02.14 07-40-00
a 2014.02.14 09-00-00 *
s 2014.02.14 18-15-43
a 2014.02.14 20-10-41 -
s 2014.02.15 04-20-00
a 2014.02.15 10-07-00 -
s 2014.02.16 02-30-00
a 2014.02.16 09-58-00 -
s 2014.02.17 02-40-00
a 2014.02.17 09-00-00 *
s 2014.02.18 01-20-00
a 2014.02.18 04-47-00 - dream
s 2014.02.18 04-52-00
a 2014.02.18 06-46-00 - dream
s 2014.02.18 06-50-00
a 2014.02.18 09-10-00 *
s 2014.02.19 01-20-00
a 2014.02.19 05-04-00 - dream work 
s 2014.02.19 05-08-00
a 2014.02.19 06-00-00 - dream
s 2014.02.19 06-04-00
a 2014.02.19 09-49-00 -
s 2014.02.20 01-25-00
a 2014.02.20 06-18-00 -
s 2014.02.20 06-22-00
a 2014.02.20 08-48-00 -
s 2014.02.20 08-51-00
a 2014.02.20 09-00-00 *
s 2014.02.20 09-01-00
a 2014.02.20 09-10-00 *
s 2014.02.21 02-20-00
a 2014.02.21 09-00-00 *
s 2014.02.21 09-03-00
a 2014.02.21 10-00-00 -
s 2014.02.21 16-30-00
a 2014.02.21 18-32-00 -
s 2014.02.22 04-50-00
a 2014.02.22 10-45-00 -
s 2014.02.23 02-40-00
a 2014.02.23 03-37-00 -
s 2014.02.23 03-41-00
a 2014.02.23 11-40-00 -
s 2014.02.23 21-10-00
a 2014.02.23 22-28-00 - nap
s 2014.02.24 02-50-00
a 2014.02.24 05-40-00 -
s 2014.02.24 05-45-00
a 2014.02.24 09-36-00 *
s 2014.02.25 02-15-00
a 2014.02.25 10-57-00 -
s 2014.02.26 04-00-00
a 2014.02.26 09-45-00 * dream work
s 2014.02.26 17-00-00
a 2014.02.26 20-20-00 - nap
s 2014.02.27 03-10-00
a 2014.02.27 07-27-00 - dream
s 2014.02.27 07-30-00
a 2014.02.27 10-18-00 *
s 2014.02.28 02-10-00
a 2014.02.28 08-32-00 - dream work
s 2014.02.28 08-40-00
a 2014.02.28 09-20-00 *
s 2014.02.28 21-10-00
a 2014.02.28 11-58-00 - dream
s 2014.03.01 00-05-00
a 2014.03.01 10-50-00 -
s 2014.03.02 03-30-00
a 2014.03.02 10-35-00 -
s 2014.03.03 02-15-00
a 2014.03.03 05-10-00 - dream
s 2014.03.03 05-15-00
a 2014.03.03 09-10-00 *
s 2014.03.03 09-12-00
a 2014.03.03 09-20-00 *
s 2014.03.03 09-22-00
a 2014.03.03 09-33-00 -
s 2014.03.04 03-40-00
a 2014.03.04 09-21-00 -
# INTEGRATION WITH HARDWARE BUTTONS STARTS HERE
s 2014.03.05 02-56-38
s 2014.03.05 03-03-05
a 2014.03.05 04-05-25 -
a 2014.03.05 07-34-30 -
a 2014.03.05 08-14-46 -
a 2014.03.05 08-45-52 -
s 2014.03.05 08-49-52
a 2014.03.05 09-35-14 *
s 2014.03.05 09-38-22
a 2014.03.05 09-48-55 * 
s 2014.03.05 09-55-02
a 2014.03.05 11-32-18 -
